<?xml version="1.0" encoding="UTF-8"?>
<!-- Generated by org.testng.reporters.JUnitXMLReporter -->
<testsuite ignored="0" hostname="V3CFYJN30F" failures="2" tests="4" name="On Demand - Single Test Case Report" time="0.133" errors="0" timestamp="2024-03-27T14:07:15 WIB">
  <testcase classname="intergrationTest.Transfer.Marimas1" name="yourTestMethod1" time="0.007">
    <failure type="java.lang.AssertionError" message="The following asserts failed:
	expected [2] but found [1],
	expected [2] but found [1],
	expected [2] but found [1]">
      <![CDATA[java.lang.AssertionError: The following asserts failed:
expected [2] but found [1],
expected [2] but found [1],
expected [2] but found [1]
at intergrationTest.Transfer.Marimas1.yourTestMethod1(Marimas1.java:34)
at java.base/java.util.concurrent.ThreadPoolExecutor.runWorker(ThreadPoolExecutor.java:1128)
at java.base/java.util.concurrent.ThreadPoolExecutor$Worker.run(ThreadPoolExecutor.java:628)
at java.base/java.lang.Thread.run(Thread.java:829)
... Removed 14 stack frames]]>
    </failure>
  </testcase> <!-- yourTestMethod1 -->
  <testcase classname="intergrationTest.Transfer.Marimas1" name="yourTestMethod2" time="0.0"/>
  <testcase classname="intergrationTest.Menu.Marimas" name="yourTestMethod111" time="0.0">
    <failure type="java.lang.AssertionError" message="The following asserts failed:
	expected [2] but found [1],
	expected [2] but found [1],
	expected [2] but found [1]">
      <![CDATA[java.lang.AssertionError: The following asserts failed:
expected [2] but found [1],
expected [2] but found [1],
expected [2] but found [1]
at intergrationTest.Menu.Marimas.yourTestMethod111(Marimas.java:35)
at java.base/java.util.concurrent.ThreadPoolExecutor.runWorker(ThreadPoolExecutor.java:1128)
at java.base/java.util.concurrent.ThreadPoolExecutor$Worker.run(ThreadPoolExecutor.java:628)
at java.base/java.lang.Thread.run(Thread.java:829)
... Removed 14 stack frames]]>
    </failure>
  </testcase> <!-- yourTestMethod111 -->
  <testcase classname="intergrationTest.Menu.Marimas" name="yourTestMethod22" time="0.0"/>
</testsuite> <!-- On Demand - Single Test Case Report -->
